I, [2016-10-17T14:53:39.225038 #8035]  INFO -- default-centos-64: -----> Creating <default-centos-64>...
I, [2016-10-17T14:53:40.499183 #8035]  INFO -- default-centos-64: Bringing machine 'default' up with 'virtualbox' provider...
I, [2016-10-17T14:53:40.620242 #8035]  INFO -- default-centos-64: ==> default: Box 'bento/centos-6.4' could not be found. Attempting to find and install...
I, [2016-10-17T14:53:40.620350 #8035]  INFO -- default-centos-64:     default: Box Provider: virtualbox
I, [2016-10-17T14:53:40.620460 #8035]  INFO -- default-centos-64:     default: Box Version: >= 0
I, [2016-10-17T14:53:42.374542 #8035]  INFO -- default-centos-64: The box 'bento/centos-6.4' could not be found or
I, [2016-10-17T14:53:42.374597 #8035]  INFO -- default-centos-64: could not be accessed in the remote catalog. If this is a private
I, [2016-10-17T14:53:42.374619 #8035]  INFO -- default-centos-64: box on HashiCorp's Atlas, please verify you're logged in via
I, [2016-10-17T14:53:42.374634 #8035]  INFO -- default-centos-64: `vagrant login`. Also, please double-check the name. The expanded
I, [2016-10-17T14:53:42.374650 #8035]  INFO -- default-centos-64: URL and error message are shown below:
I, [2016-10-17T14:53:42.374665 #8035]  INFO -- default-centos-64: 
I, [2016-10-17T14:53:42.374681 #8035]  INFO -- default-centos-64: URL: ["https://atlas.hashicorp.com/bento/centos-6.4"]
I, [2016-10-17T14:53:42.374695 #8035]  INFO -- default-centos-64: Error: The requested URL returned error: 404 Not Found
E, [2016-10-17T14:53:42.420164 #8035] ERROR -- default-centos-64: Create failed on instance <default-centos-64>.
E, [2016-10-17T14:53:42.420346 #8035] ERROR -- default-centos-64: ------Exception-------
E, [2016-10-17T14:53:42.420369 #8035] ERROR -- default-centos-64: Class: Kitchen::ShellOut::ShellCommandFailed
E, [2016-10-17T14:53:42.420388 #8035] ERROR -- default-centos-64: Message: Expected process to exit with [0], but received '1'
---- Begin output of vagrant up --no-provision --provider virtualbox ----
STDOUT: Bringing machine 'default' up with 'virtualbox' provider...
==> default: Box 'bento/centos-6.4' could not be found. Attempting to find and install...
    default: Box Provider: virtualbox
    default: Box Version: >= 0
STDERR: The box 'bento/centos-6.4' could not be found or
could not be accessed in the remote catalog. If this is a private
box on HashiCorp's Atlas, please verify you're logged in via
`vagrant login`. Also, please double-check the name. The expanded
URL and error message are shown below:

URL: ["https://atlas.hashicorp.com/bento/centos-6.4"]
Error: The requested URL returned error: 404 Not Found
---- End output of vagrant up --no-provision --provider virtualbox ----
Ran vagrant up --no-provision --provider virtualbox returned 1
E, [2016-10-17T14:53:42.420407 #8035] ERROR -- default-centos-64: ----------------------
E, [2016-10-17T14:53:42.420420 #8035] ERROR -- default-centos-64: ------Backtrace-------
E, [2016-10-17T14:53:42.420435 #8035] ERROR -- default-centos-64: /Users/kerry.wang/.rbenv/versions/2.3.1/lib/ruby/gems/2.3.0/gems/test-kitchen-1.13.2/lib/kitchen/shell_out.rb:73:in `rescue in run_command'
E, [2016-10-17T14:53:42.420456 #8035] ERROR -- default-centos-64: /Users/kerry.wang/.rbenv/versions/2.3.1/lib/ruby/gems/2.3.0/gems/test-kitchen-1.13.2/lib/kitchen/shell_out.rb:61:in `run_command'
E, [2016-10-17T14:53:42.420473 #8035] ERROR -- default-centos-64: /Users/kerry.wang/.rbenv/versions/2.3.1/lib/ruby/gems/2.3.0/gems/kitchen-vagrant-0.20.0/lib/kitchen/driver/vagrant.rb:343:in `run_command'
E, [2016-10-17T14:53:42.420489 #8035] ERROR -- default-centos-64: /Users/kerry.wang/.rbenv/versions/2.3.1/lib/ruby/gems/2.3.0/gems/kitchen-vagrant-0.20.0/lib/kitchen/driver/vagrant.rb:302:in `run'
E, [2016-10-17T14:53:42.420505 #8035] ERROR -- default-centos-64: /Users/kerry.wang/.rbenv/versions/2.3.1/lib/ruby/gems/2.3.0/gems/kitchen-vagrant-0.20.0/lib/kitchen/driver/vagrant.rb:373:in `run_vagrant_up'
E, [2016-10-17T14:53:42.420521 #8035] ERROR -- default-centos-64: /Users/kerry.wang/.rbenv/versions/2.3.1/lib/ruby/gems/2.3.0/gems/kitchen-vagrant-0.20.0/lib/kitchen/driver/vagrant.rb:96:in `create'
E, [2016-10-17T14:53:42.420554 #8035] ERROR -- default-centos-64: /Users/kerry.wang/.rbenv/versions/2.3.1/lib/ruby/gems/2.3.0/gems/test-kitchen-1.13.2/lib/kitchen/instance.rb:456:in `public_send'
E, [2016-10-17T14:53:42.420572 #8035] ERROR -- default-centos-64: /Users/kerry.wang/.rbenv/versions/2.3.1/lib/ruby/gems/2.3.0/gems/test-kitchen-1.13.2/lib/kitchen/instance.rb:456:in `block in perform_action'
E, [2016-10-17T14:53:42.420591 #8035] ERROR -- default-centos-64: /Users/kerry.wang/.rbenv/versions/2.3.1/lib/ruby/gems/2.3.0/gems/test-kitchen-1.13.2/lib/kitchen/instance.rb:517:in `block in synchronize_or_call'
E, [2016-10-17T14:53:42.420607 #8035] ERROR -- default-centos-64: /Users/kerry.wang/.rbenv/versions/2.3.1/lib/ruby/gems/2.3.0/gems/test-kitchen-1.13.2/lib/kitchen/instance.rb:515:in `synchronize'
E, [2016-10-17T14:53:42.420622 #8035] ERROR -- default-centos-64: /Users/kerry.wang/.rbenv/versions/2.3.1/lib/ruby/gems/2.3.0/gems/test-kitchen-1.13.2/lib/kitchen/instance.rb:515:in `synchronize_or_call'
E, [2016-10-17T14:53:42.420638 #8035] ERROR -- default-centos-64: /Users/kerry.wang/.rbenv/versions/2.3.1/lib/ruby/gems/2.3.0/gems/test-kitchen-1.13.2/lib/kitchen/instance.rb:485:in `block in action'
E, [2016-10-17T14:53:42.420654 #8035] ERROR -- default-centos-64: /Users/kerry.wang/.rbenv/versions/2.3.1/lib/ruby/2.3.0/benchmark.rb:293:in `measure'
E, [2016-10-17T14:53:42.420672 #8035] ERROR -- default-centos-64: /Users/kerry.wang/.rbenv/versions/2.3.1/lib/ruby/gems/2.3.0/gems/test-kitchen-1.13.2/lib/kitchen/instance.rb:484:in `action'
E, [2016-10-17T14:53:42.420689 #8035] ERROR -- default-centos-64: /Users/kerry.wang/.rbenv/versions/2.3.1/lib/ruby/gems/2.3.0/gems/test-kitchen-1.13.2/lib/kitchen/instance.rb:456:in `perform_action'
E, [2016-10-17T14:53:42.420704 #8035] ERROR -- default-centos-64: /Users/kerry.wang/.rbenv/versions/2.3.1/lib/ruby/gems/2.3.0/gems/test-kitchen-1.13.2/lib/kitchen/instance.rb:366:in `create_action'
E, [2016-10-17T14:53:42.420718 #8035] ERROR -- default-centos-64: /Users/kerry.wang/.rbenv/versions/2.3.1/lib/ruby/gems/2.3.0/gems/test-kitchen-1.13.2/lib/kitchen/instance.rb:355:in `block in transition_to'
E, [2016-10-17T14:53:42.420736 #8035] ERROR -- default-centos-64: /Users/kerry.wang/.rbenv/versions/2.3.1/lib/ruby/gems/2.3.0/gems/test-kitchen-1.13.2/lib/kitchen/instance.rb:354:in `each'
E, [2016-10-17T14:53:42.420800 #8035] ERROR -- default-centos-64: /Users/kerry.wang/.rbenv/versions/2.3.1/lib/ruby/gems/2.3.0/gems/test-kitchen-1.13.2/lib/kitchen/instance.rb:354:in `transition_to'
E, [2016-10-17T14:53:42.420816 #8035] ERROR -- default-centos-64: /Users/kerry.wang/.rbenv/versions/2.3.1/lib/ruby/gems/2.3.0/gems/test-kitchen-1.13.2/lib/kitchen/instance.rb:127:in `create'
E, [2016-10-17T14:53:42.420830 #8035] ERROR -- default-centos-64: /Users/kerry.wang/.rbenv/versions/2.3.1/lib/ruby/gems/2.3.0/gems/test-kitchen-1.13.2/lib/kitchen/command.rb:201:in `public_send'
E, [2016-10-17T14:53:42.420845 #8035] ERROR -- default-centos-64: /Users/kerry.wang/.rbenv/versions/2.3.1/lib/ruby/gems/2.3.0/gems/test-kitchen-1.13.2/lib/kitchen/command.rb:201:in `run_action_in_thread'
E, [2016-10-17T14:53:42.420861 #8035] ERROR -- default-centos-64: /Users/kerry.wang/.rbenv/versions/2.3.1/lib/ruby/gems/2.3.0/gems/test-kitchen-1.13.2/lib/kitchen/command.rb:173:in `block (2 levels) in run_action'
E, [2016-10-17T14:53:42.420877 #8035] ERROR -- default-centos-64: ----End Backtrace-----
E, [2016-10-17T14:53:42.420892 #8035] ERROR -- default-centos-64: ---Nested Exception---
E, [2016-10-17T14:53:42.420905 #8035] ERROR -- default-centos-64: Class: Mixlib::ShellOut::ShellCommandFailed
E, [2016-10-17T14:53:42.420918 #8035] ERROR -- default-centos-64: Message: Expected process to exit with [0], but received '1'
---- Begin output of vagrant up --no-provision --provider virtualbox ----
STDOUT: Bringing machine 'default' up with 'virtualbox' provider...
==> default: Box 'bento/centos-6.4' could not be found. Attempting to find and install...
    default: Box Provider: virtualbox
    default: Box Version: >= 0
STDERR: The box 'bento/centos-6.4' could not be found or
could not be accessed in the remote catalog. If this is a private
box on HashiCorp's Atlas, please verify you're logged in via
`vagrant login`. Also, please double-check the name. The expanded
URL and error message are shown below:

URL: ["https://atlas.hashicorp.com/bento/centos-6.4"]
Error: The requested URL returned error: 404 Not Found
---- End output of vagrant up --no-provision --provider virtualbox ----
Ran vagrant up --no-provision --provider virtualbox returned 1
E, [2016-10-17T14:53:42.420948 #8035] ERROR -- default-centos-64: ----------------------
E, [2016-10-17T14:53:42.420964 #8035] ERROR -- default-centos-64: ------Backtrace-------
E, [2016-10-17T14:53:42.420978 #8035] ERROR -- default-centos-64: /Users/kerry.wang/.rbenv/versions/2.3.1/lib/ruby/gems/2.3.0/gems/test-kitchen-1.13.2/lib/kitchen/shell_out.rb:73:in `rescue in run_command'
E, [2016-10-17T14:53:42.420994 #8035] ERROR -- default-centos-64: /Users/kerry.wang/.rbenv/versions/2.3.1/lib/ruby/gems/2.3.0/gems/test-kitchen-1.13.2/lib/kitchen/shell_out.rb:61:in `run_command'
E, [2016-10-17T14:53:42.421008 #8035] ERROR -- default-centos-64: /Users/kerry.wang/.rbenv/versions/2.3.1/lib/ruby/gems/2.3.0/gems/kitchen-vagrant-0.20.0/lib/kitchen/driver/vagrant.rb:343:in `run_command'
E, [2016-10-17T14:53:42.421020 #8035] ERROR -- default-centos-64: /Users/kerry.wang/.rbenv/versions/2.3.1/lib/ruby/gems/2.3.0/gems/kitchen-vagrant-0.20.0/lib/kitchen/driver/vagrant.rb:302:in `run'
E, [2016-10-17T14:53:42.421035 #8035] ERROR -- default-centos-64: /Users/kerry.wang/.rbenv/versions/2.3.1/lib/ruby/gems/2.3.0/gems/kitchen-vagrant-0.20.0/lib/kitchen/driver/vagrant.rb:373:in `run_vagrant_up'
E, [2016-10-17T14:53:42.421052 #8035] ERROR -- default-centos-64: /Users/kerry.wang/.rbenv/versions/2.3.1/lib/ruby/gems/2.3.0/gems/kitchen-vagrant-0.20.0/lib/kitchen/driver/vagrant.rb:96:in `create'
E, [2016-10-17T14:53:42.421066 #8035] ERROR -- default-centos-64: /Users/kerry.wang/.rbenv/versions/2.3.1/lib/ruby/gems/2.3.0/gems/test-kitchen-1.13.2/lib/kitchen/instance.rb:456:in `public_send'
E, [2016-10-17T14:53:42.421082 #8035] ERROR -- default-centos-64: /Users/kerry.wang/.rbenv/versions/2.3.1/lib/ruby/gems/2.3.0/gems/test-kitchen-1.13.2/lib/kitchen/instance.rb:456:in `block in perform_action'
E, [2016-10-17T14:53:42.421097 #8035] ERROR -- default-centos-64: /Users/kerry.wang/.rbenv/versions/2.3.1/lib/ruby/gems/2.3.0/gems/test-kitchen-1.13.2/lib/kitchen/instance.rb:517:in `block in synchronize_or_call'
E, [2016-10-17T14:53:42.421111 #8035] ERROR -- default-centos-64: /Users/kerry.wang/.rbenv/versions/2.3.1/lib/ruby/gems/2.3.0/gems/test-kitchen-1.13.2/lib/kitchen/instance.rb:515:in `synchronize'
E, [2016-10-17T14:53:42.421123 #8035] ERROR -- default-centos-64: /Users/kerry.wang/.rbenv/versions/2.3.1/lib/ruby/gems/2.3.0/gems/test-kitchen-1.13.2/lib/kitchen/instance.rb:515:in `synchronize_or_call'
E, [2016-10-17T14:53:42.421137 #8035] ERROR -- default-centos-64: /Users/kerry.wang/.rbenv/versions/2.3.1/lib/ruby/gems/2.3.0/gems/test-kitchen-1.13.2/lib/kitchen/instance.rb:485:in `block in action'
E, [2016-10-17T14:53:42.421151 #8035] ERROR -- default-centos-64: /Users/kerry.wang/.rbenv/versions/2.3.1/lib/ruby/2.3.0/benchmark.rb:293:in `measure'
E, [2016-10-17T14:53:42.421164 #8035] ERROR -- default-centos-64: /Users/kerry.wang/.rbenv/versions/2.3.1/lib/ruby/gems/2.3.0/gems/test-kitchen-1.13.2/lib/kitchen/instance.rb:484:in `action'
E, [2016-10-17T14:53:42.421180 #8035] ERROR -- default-centos-64: /Users/kerry.wang/.rbenv/versions/2.3.1/lib/ruby/gems/2.3.0/gems/test-kitchen-1.13.2/lib/kitchen/instance.rb:456:in `perform_action'
E, [2016-10-17T14:53:42.421194 #8035] ERROR -- default-centos-64: /Users/kerry.wang/.rbenv/versions/2.3.1/lib/ruby/gems/2.3.0/gems/test-kitchen-1.13.2/lib/kitchen/instance.rb:366:in `create_action'
E, [2016-10-17T14:53:42.421208 #8035] ERROR -- default-centos-64: /Users/kerry.wang/.rbenv/versions/2.3.1/lib/ruby/gems/2.3.0/gems/test-kitchen-1.13.2/lib/kitchen/instance.rb:355:in `block in transition_to'
E, [2016-10-17T14:53:42.421230 #8035] ERROR -- default-centos-64: /Users/kerry.wang/.rbenv/versions/2.3.1/lib/ruby/gems/2.3.0/gems/test-kitchen-1.13.2/lib/kitchen/instance.rb:354:in `each'
E, [2016-10-17T14:53:42.421248 #8035] ERROR -- default-centos-64: /Users/kerry.wang/.rbenv/versions/2.3.1/lib/ruby/gems/2.3.0/gems/test-kitchen-1.13.2/lib/kitchen/instance.rb:354:in `transition_to'
E, [2016-10-17T14:53:42.421262 #8035] ERROR -- default-centos-64: /Users/kerry.wang/.rbenv/versions/2.3.1/lib/ruby/gems/2.3.0/gems/test-kitchen-1.13.2/lib/kitchen/instance.rb:127:in `create'
E, [2016-10-17T14:53:42.421274 #8035] ERROR -- default-centos-64: /Users/kerry.wang/.rbenv/versions/2.3.1/lib/ruby/gems/2.3.0/gems/test-kitchen-1.13.2/lib/kitchen/command.rb:201:in `public_send'
E, [2016-10-17T14:53:42.421286 #8035] ERROR -- default-centos-64: /Users/kerry.wang/.rbenv/versions/2.3.1/lib/ruby/gems/2.3.0/gems/test-kitchen-1.13.2/lib/kitchen/command.rb:201:in `run_action_in_thread'
E, [2016-10-17T14:53:42.421298 #8035] ERROR -- default-centos-64: /Users/kerry.wang/.rbenv/versions/2.3.1/lib/ruby/gems/2.3.0/gems/test-kitchen-1.13.2/lib/kitchen/command.rb:173:in `block (2 levels) in run_action'
E, [2016-10-17T14:53:42.421310 #8035] ERROR -- default-centos-64: ----End Backtrace-----
